<?xml version="1.0" encoding="UTF-8"?>
<testsuite name="PatientIntegrationTest" tests="1" skipped="0" failures="0" errors="0" timestamp="2025-10-03T09:14:40.223Z" hostname="APPLEs-MacBook-Pro.local" time="3.228">
  <properties/>
  <testcase name="shouldReturnPatientWithValidToken()" classname="PatientIntegrationTest" time="3.228"/>
  <system-out><![CDATA[]]></system-out>
  <system-err><![CDATA[]]></system-err>
</testsuite>
